Content-Type: text/x-zim-wiki
Wiki-Format: zim 0.4
Creation-Date: 2017-04-07T13:05:52-04:00

====== Hudson build issue ======
Created Friday 07 April 2017

Bug 507602 â€“ Tycho build runs tests against SWT bundles from target platform 
https://bugs.eclipse.org/bugs/show_bug.cgi?id=507602

[ERROR] Failed to execute goal org.eclipse.tycho:tycho-compiler-plugin:0.25.0:compile (default-compile) on project org.eclipse.swt.tests: Compilation failure: Compilation failure:
[ERROR] /jobs/genie.platform/eclipse.platform.swt-Gerrit/workspace/tests/org.eclipse.swt.tests/JUnit Tests/org/eclipse/swt/tests/junit/Test_org_eclipse_swt_printing_Printer.java:[184]
[ERROR] boolean isAutoScalable = printer.isAutoScalable();
[ERROR] ^^^^^^^^^^^^^^
[ERROR] The method isAutoScalable() is undefined for the type Printer
[ERROR] 1 problem (1 error)

[ERROR] The method getImageData(int) from the type Image is not visible
[ERROR] /jobs/genie.platform/eclipse.platform.swt-Gerrit/workspace/tests/org.eclipse.swt.tests/JUnit Tests/org/eclipse/swt/tests/junit/Test_org_eclipse_swt_graphics_Image.java:[823]
[ERROR] ImageData imageDataAtZoom = image.getImageData(zoom);
